OneHundredTenMillionSevenHundredThirtyFiveThousandFiveHundredNintyFourDollars
SevenHundredThirtyNineDollars
OneHundredTwentyThreeMillionFourHundredFiftySixThousandSevenHundredEightyNineDollars
EightHundredFortyMillionSixHundredThirtyFiveThousandSixHundredSixDollars
EightHundredTwentyOneMillionFourHundredFourteenThousandSevenHundredFourDollars
ThirtyTwoThousandThreeHundredFortyThreeDollars
TwentyFourThousandSevenHundredThirtyFourDollars
TwoHundredNintyNineDollars
FiveHundredTwentyNineMillionOneHundredThirtyFiveThousandSevenHundredThirtyDollars
FiveHundredTwentyOneDollars
FourHundredFiftyDollars
ThirtyFourThousandTwoHundredSeventyNineDollars
FiveHundredSeventeenDollars
FortyThousandNineHundredSixtyFourDollars
SevenHundredSeventyEightMillionTwoHundredEighteenThousandSevenHundredEightyTwoDollars
TwoHundredTwentyFourDollars
FortySevenThousandFiveHundredSixtyDollars
FourDollars
FourHundredFortyNineDollars
EightHundredTwentyFiveMillionSixHundredSeventyFiveThousandThreeHundredThirtyNineDollars
FourHundredSevenMillionSixHundredThousandNineHundredNintySevenDollars
SixtyThreeThousandTwoHundredFortySevenDollars
TwoHundredThirteenDollars
NintyNineThousandFourHundredFiftySevenDollars
EightHundredSeventyFourMillionSixHundredSixtyFiveThousandNineHundredThirtyFiveDollars
TwoHundredSeventyDollars
OneHundredMillionDollars
SixtyTwoThousandTwentyNineDollars
EightHundredFortySevenDollars
ThirtyNineThousandTwoHundredEightyFourDollars
OneHundredFiftyFiveMillionEightHundredFiftyThousandNineHundredThirtyEightDollars
ThreeHundredNintySevenMillionSevenHundredThirtyFiveThousandNineHundredFiftyThreeDollars
SevenHundredFiftyFourMillionTwoHundredThirtyFiveThousandSixHundredSixtyEightDollars
TenThousandNineHundredFiftySevenDollars
OneDollar
SixHundredSeventyFourMillionSeventyThousandThreeHundredTwentySevenDollars
SevenHundredNintyNineMillionEightHundredEightyEightThousandNineHundredThirtyFourDollars
TwentyThreeThousandFortyDollars
FiveHundredEightyThreeDollars
OneHundredFiftySevenMillionNineHundredThirtyFiveThousandFourHundredEightyTwoDollars
